<?xml version="1.0" encoding="UTF-8" standalone="no"?>
<!DOCTYPE log SYSTEM "logger.dtd">
<log>
<record>
  <date>2017-08-09T16:15:09.249-0300</date>
  <logger>JUAN VICTOR LYRA BARROS E BARROS</logger>
  <level>FINE</level>
  <message>File 116110207-JUAN VICTOR LYRA BARROS E BARROS.zip was received. It was sent by JUAN VICTOR LYRA BARROS E BARROS from IP 192.168.15.13</message>
</record>
</log>
<?xml version="1.0" encoding="UTF-8" standalone="no"?>
<!DOCTYPE log SYSTEM "logger.dtd">
<log>
<record>
  <date>2017-08-10T01:23:34.754-0300</date>
  <logger>JUAN VICTOR LYRA BARROS E BARROS</logger>
  <level>FINE</level>
  <message>File 116110207-JUAN VICTOR LYRA BARROS E BARROS.zip was received. It was sent by JUAN VICTOR LYRA BARROS E BARROS from IP 192.168.15.13</message>
</record>
</log>
<?xml version="1.0" encoding="UTF-8" standalone="no"?>
<!DOCTYPE log SYSTEM "logger.dtd">
<log>
<record>
  <date>2017-08-10T02:47:19.722-0300</date>
  <logger>JUAN VICTOR LYRA BARROS E BARROS</logger>
  <level>FINE</level>
  <message>File 116110207-JUAN VICTOR LYRA BARROS E BARROS.zip was received. It was sent by JUAN VICTOR LYRA BARROS E BARROS from IP 192.168.15.13</message>
</record>
