<?xml version="1.0" encoding="UTF-8" standalone="no"?>
<!DOCTYPE log SYSTEM "logger.dtd">
<log>
<record>
  <date>2017-06-14T16:08:16.354-0300</date>
  <logger>JUAN VICTOR LYRA BARROS E BARROS</logger>
  <level>FINE</level>
  <message>File 116110207-JUAN VICTOR LYRA BARROS E BARROS.zip was received. It was sent by JUAN VICTOR LYRA BARROS E BARROS from IP 127.0.1.1</message>
</record>
</log>
<?xml version="1.0" encoding="UTF-8" standalone="no"?>
<!DOCTYPE log SYSTEM "logger.dtd">
<log>
<record>
  <date>2017-06-14T17:13:37.342-0300</date>
  <logger>JUAN VICTOR LYRA BARROS E BARROS</logger>
  <level>FINE</level>
  <message>File 116110207-JUAN VICTOR LYRA BARROS E BARROS.zip was received. It was sent by JUAN VICTOR LYRA BARROS E BARROS from IP 127.0.1.1</message>
</record>
</log>
<?xml version="1.0" encoding="UTF-8" standalone="no"?>
<!DOCTYPE log SYSTEM "logger.dtd">
<log>
<record>
  <date>2017-06-14T17:14:05.456-0300</date>
  <logger>JUAN VICTOR LYRA BARROS E BARROS</logger>
  <level>FINE</level>
  <message>File 116110207-JUAN VICTOR LYRA BARROS E BARROS.zip was received. It was sent by JUAN VICTOR LYRA BARROS E BARROS from IP 127.0.1.1</message>
</record>
</log>
<?xml version="1.0" encoding="UTF-8" standalone="no"?>
<!DOCTYPE log SYSTEM "logger.dtd">
<log>
<record>
  <date>2017-06-14T17:14:05.462-0300</date>
  <logger>JUAN VICTOR LYRA BARROS E BARROS</logger>
  <level>FINE</level>
  <message>File 116110207-JUAN VICTOR LYRA BARROS E BARROS.zip was received. It was sent by JUAN VICTOR LYRA BARROS E BARROS from IP 127.0.1.1</message>
</record>
</log>
<?xml version="1.0" encoding="UTF-8" standalone="no"?>
<!DOCTYPE log SYSTEM "logger.dtd">
<log>
<record>
  <date>2017-06-14T17:32:52.541-0300</date>
  <logger>JUAN VICTOR LYRA BARROS E BARROS</logger>
  <level>FINE</level>
  <message>File 116110207-JUAN VICTOR LYRA BARROS E BARROS.zip was received. It was sent by JUAN VICTOR LYRA BARROS E BARROS from IP 127.0.1.1</message>
</record>
</log>
<?xml version="1.0" encoding="UTF-8" standalone="no"?>
<!DOCTYPE log SYSTEM "logger.dtd">
<log>
<record>
  <date>2017-06-14T20:50:10.939-0300</date>
  <logger>JUAN VICTOR LYRA BARROS E BARROS</logger>
  <level>FINE</level>
  <message>File 116110207-JUAN VICTOR LYRA BARROS E BARROS.zip was received. It was sent by JUAN VICTOR LYRA BARROS E BARROS from IP 192.168.56.1</message>
</record>
</log>
<?xml version="1.0" encoding="UTF-8" standalone="no"?>
<!DOCTYPE log SYSTEM "logger.dtd">
<log>
<record>
  <date>2017-06-14T20:57:10.159-0300</date>
  <logger>JUAN VICTOR LYRA BARROS E BARROS</logger>
  <level>FINE</level>
  <message>File 116110207-JUAN VICTOR LYRA BARROS E BARROS.zip was received. It was sent by JUAN VICTOR LYRA BARROS E BARROS from IP 192.168.56.1</message>
</record>
</log>
<?xml version="1.0" encoding="UTF-8" standalone="no"?>
<!DOCTYPE log SYSTEM "logger.dtd">
<log>
<record>
  <date>2017-06-14T21:07:07.354-0300</date>
  <logger>JUAN VICTOR LYRA BARROS E BARROS</logger>
  <level>FINE</level>
  <message>File 116110207-JUAN VICTOR LYRA BARROS E BARROS.zip was received. It was sent by JUAN VICTOR LYRA BARROS E BARROS from IP 192.168.56.1</message>
</record>
</log>
<?xml version="1.0" encoding="UTF-8" standalone="no"?>
<!DOCTYPE log SYSTEM "logger.dtd">
<log>
<record>
  <date>2017-06-14T21:10:33.908-0300</date>
  <logger>JUAN VICTOR LYRA BARROS E BARROS</logger>
  <level>FINE</level>
  <message>File 116110207-JUAN VICTOR LYRA BARROS E BARROS.zip was received. It was sent by JUAN VICTOR LYRA BARROS E BARROS from IP 192.168.56.1</message>
</record>
