<?xml version="1.0" encoding="UTF-8" standalone="no"?>
<!DOCTYPE log SYSTEM "logger.dtd">
<log>
<record>
  <date>2017-06-05T14:32:28.587-0300</date>
  <logger>JUAN VICTOR LYRA BARROS E BARROS</logger>
  <level>FINE</level>
  <message>File 116110207-JUAN VICTOR LYRA BARROS E BARROS.zip was received. It was sent by JUAN VICTOR LYRA BARROS E BARROS from IP 150.165.74.120</message>
</record>
</log>
<?xml version="1.0" encoding="UTF-8" standalone="no"?>
<!DOCTYPE log SYSTEM "logger.dtd">
<log>
<record>
  <date>2017-06-05T15:05:03.553-0300</date>
  <logger>JUAN VICTOR LYRA BARROS E BARROS</logger>
  <level>FINE</level>
  <message>File 116110207-JUAN VICTOR LYRA BARROS E BARROS.zip was received. It was sent by JUAN VICTOR LYRA BARROS E BARROS from IP 150.165.74.120</message>
</record>
</log>
<?xml version="1.0" encoding="UTF-8" standalone="no"?>
<!DOCTYPE log SYSTEM "logger.dtd">
<log>
<record>
  <date>2017-06-05T15:26:40.614-0300</date>
  <logger>JUAN VICTOR LYRA BARROS E BARROS</logger>
  <level>FINE</level>
  <message>File 116110207-JUAN VICTOR LYRA BARROS E BARROS.zip was received. It was sent by JUAN VICTOR LYRA BARROS E BARROS from IP 150.165.74.120</message>
</record>
</log>
<?xml version="1.0" encoding="UTF-8" standalone="no"?>
<!DOCTYPE log SYSTEM "logger.dtd">
<log>
<record>
  <date>2017-06-05T15:28:00.953-0300</date>
  <logger>JUAN VICTOR LYRA BARROS E BARROS</logger>
  <level>FINE</level>
  <message>File 116110207-JUAN VICTOR LYRA BARROS E BARROS.zip was received. It was sent by JUAN VICTOR LYRA BARROS E BARROS from IP 150.165.74.120</message>
</record>
