<?xml version="1.0" encoding="UTF-8" standalone="no"?>
<!DOCTYPE log SYSTEM "logger.dtd">
<log>
<record>
  <date>2017-07-05T16:07:06.061-0300</date>
  <logger>JUAN VICTOR LYRA BARROS E BARROS</logger>
  <level>FINE</level>
  <message>File 116110207-JUAN VICTOR LYRA BARROS E BARROS.zip was received. It was sent by JUAN VICTOR LYRA BARROS E BARROS from IP 127.0.1.1</message>
</record>
</log>
<?xml version="1.0" encoding="UTF-8" standalone="no"?>
<!DOCTYPE log SYSTEM "logger.dtd">
<log>
<record>
  <date>2017-07-06T01:02:24.748-0300</date>
  <logger>JUAN VICTOR LYRA BARROS E BARROS</logger>
  <level>FINE</level>
  <message>File 116110207-JUAN VICTOR LYRA BARROS E BARROS.zip was received. It was sent by JUAN VICTOR LYRA BARROS E BARROS from IP 192.168.15.6</message>
</record>
</log>
<?xml version="1.0" encoding="UTF-8" standalone="no"?>
<!DOCTYPE log SYSTEM "logger.dtd">
<log>
<record>
  <date>2017-07-06T01:24:35.322-0300</date>
  <logger>JUAN VICTOR LYRA BARROS E BARROS</logger>
  <level>FINE</level>
  <message>File 116110207-JUAN VICTOR LYRA BARROS E BARROS.zip was received. It was sent by JUAN VICTOR LYRA BARROS E BARROS from IP 192.168.15.6</message>
</record>
</log>
<?xml version="1.0" encoding="UTF-8" standalone="no"?>
<!DOCTYPE log SYSTEM "logger.dtd">
<log>
<record>
  <date>2017-07-06T01:27:37.018-0300</date>
  <logger>JUAN VICTOR LYRA BARROS E BARROS</logger>
  <level>FINE</level>
  <message>File 116110207-JUAN VICTOR LYRA BARROS E BARROS.zip was received. It was sent by JUAN VICTOR LYRA BARROS E BARROS from IP 192.168.15.6</message>
</record>
</log>
<?xml version="1.0" encoding="UTF-8" standalone="no"?>
<!DOCTYPE log SYSTEM "logger.dtd">
<log>
<record>
  <date>2017-07-06T01:37:31.470-0300</date>
  <logger>JUAN VICTOR LYRA BARROS E BARROS</logger>
  <level>FINE</level>
  <message>File 116110207-JUAN VICTOR LYRA BARROS E BARROS.zip was received. It was sent by JUAN VICTOR LYRA BARROS E BARROS from IP 192.168.15.6</message>
</record>
