<?xml version="1.0" encoding="UTF-8" standalone="no"?>
<!DOCTYPE log SYSTEM "logger.dtd">
<log>
<record>
  <date>2017-05-24T16:20:48.683-0300</date>
  <logger>JUAN VICTOR LYRA BARROS E BARROS</logger>
  <level>FINE</level>
  <message>File 116110207-JUAN VICTOR LYRA BARROS E BARROS.zip was received. It was sent by JUAN VICTOR LYRA BARROS E BARROS from IP 150.165.54.136</message>
</record>
</log>
<?xml version="1.0" encoding="UTF-8" standalone="no"?>
<!DOCTYPE log SYSTEM "logger.dtd">
<log>
<record>
  <date>2017-05-24T17:21:52.545-0300</date>
  <logger>JUAN VICTOR LYRA BARROS E BARROS</logger>
  <level>FINE</level>
  <message>File 116110207-JUAN VICTOR LYRA BARROS E BARROS.zip was received. It was sent by JUAN VICTOR LYRA BARROS E BARROS from IP 150.165.54.136</message>
</record>
</log>
<?xml version="1.0" encoding="UTF-8" standalone="no"?>
<!DOCTYPE log SYSTEM "logger.dtd">
<log>
<record>
  <date>2017-05-24T17:31:56.899-0300</date>
  <logger>JUAN VICTOR LYRA BARROS E BARROS</logger>
  <level>FINE</level>
  <message>File 116110207-JUAN VICTOR LYRA BARROS E BARROS.zip was received. It was sent by JUAN VICTOR LYRA BARROS E BARROS from IP 150.165.54.136</message>
</record>
</log>
<?xml version="1.0" encoding="UTF-8" standalone="no"?>
<!DOCTYPE log SYSTEM "logger.dtd">
<log>
<record>
  <date>2017-05-24T17:52:50.002-0300</date>
  <logger>JUAN VICTOR LYRA BARROS E BARROS</logger>
  <level>FINE</level>
  <message>File 116110207-JUAN VICTOR LYRA BARROS E BARROS.zip was received. It was sent by JUAN VICTOR LYRA BARROS E BARROS from IP 150.165.54.136</message>
</record>
</log>
<?xml version="1.0" encoding="UTF-8" standalone="no"?>
<!DOCTYPE log SYSTEM "logger.dtd">
<log>
<record>
  <date>2017-05-24T20:38:17.582-0300</date>
  <logger>JUAN VICTOR LYRA BARROS E BARROS</logger>
  <level>FINE</level>
  <message>File 116110207-JUAN VICTOR LYRA BARROS E BARROS.zip was received. It was sent by JUAN VICTOR LYRA BARROS E BARROS from IP 192.168.56.1</message>
</record>
</log>
<?xml version="1.0" encoding="UTF-8" standalone="no"?>
<!DOCTYPE log SYSTEM "logger.dtd">
<log>
<record>
  <date>2017-05-24T20:45:19.545-0300</date>
  <logger>JUAN VICTOR LYRA BARROS E BARROS</logger>
  <level>FINE</level>
  <message>File 116110207-JUAN VICTOR LYRA BARROS E BARROS.zip was received. It was sent by JUAN VICTOR LYRA BARROS E BARROS from IP 192.168.56.1</message>
</record>
</log>
<?xml version="1.0" encoding="UTF-8" standalone="no"?>
<!DOCTYPE log SYSTEM "logger.dtd">
<log>
<record>
  <date>2017-05-24T20:58:25.971-0300</date>
  <logger>JUAN VICTOR LYRA BARROS E BARROS</logger>
  <level>FINE</level>
  <message>File 116110207-JUAN VICTOR LYRA BARROS E BARROS.zip was received. It was sent by JUAN VICTOR LYRA BARROS E BARROS from IP 192.168.56.1</message>
</record>
</log>
<?xml version="1.0" encoding="UTF-8" standalone="no"?>
<!DOCTYPE log SYSTEM "logger.dtd">
<log>
<record>
  <date>2017-05-24T21:25:46.611-0300</date>
  <logger>JUAN VICTOR LYRA BARROS E BARROS</logger>
  <level>FINE</level>
  <message>File 116110207-JUAN VICTOR LYRA BARROS E BARROS.zip was received. It was sent by JUAN VICTOR LYRA BARROS E BARROS from IP 192.168.56.1</message>
</record>
</log>
<?xml version="1.0" encoding="UTF-8" standalone="no"?>
<!DOCTYPE log SYSTEM "logger.dtd">
<log>
<record>
  <date>2017-05-24T21:48:49.648-0300</date>
  <logger>JUAN VICTOR LYRA BARROS E BARROS</logger>
  <level>FINE</level>
  <message>File 116110207-JUAN VICTOR LYRA BARROS E BARROS.zip was received. It was sent by JUAN VICTOR LYRA BARROS E BARROS from IP 192.168.56.1</message>
</record>
</log>
<?xml version="1.0" encoding="UTF-8" standalone="no"?>
<!DOCTYPE log SYSTEM "logger.dtd">
<log>
<record>
  <date>2017-05-24T22:23:22.038-0300</date>
  <logger>JUAN VICTOR LYRA BARROS E BARROS</logger>
  <level>FINE</level>
  <message>File 116110207-JUAN VICTOR LYRA BARROS E BARROS.zip was received. It was sent by JUAN VICTOR LYRA BARROS E BARROS from IP 192.168.56.1</message>
</record>
</log>
<?xml version="1.0" encoding="UTF-8" standalone="no"?>
<!DOCTYPE log SYSTEM "logger.dtd">
<log>
<record>
  <date>2017-05-25T00:06:56.182-0300</date>
  <logger>JUAN VICTOR LYRA BARROS E BARROS</logger>
  <level>FINE</level>
  <message>File 116110207-JUAN VICTOR LYRA BARROS E BARROS.zip was received. It was sent by JUAN VICTOR LYRA BARROS E BARROS from IP 192.168.56.1</message>
</record>
</log>
<?xml version="1.0" encoding="UTF-8" standalone="no"?>
<!DOCTYPE log SYSTEM "logger.dtd">
<log>
<record>
  <date>2017-05-25T00:17:42.902-0300</date>
  <logger>JUAN VICTOR LYRA BARROS E BARROS</logger>
  <level>FINE</level>
  <message>File 116110207-JUAN VICTOR LYRA BARROS E BARROS.zip was received. It was sent by JUAN VICTOR LYRA BARROS E BARROS from IP 192.168.56.1</message>
</record>
